Analysis & Synthesis report for I2C
Mon Jun 04 21:50:59 2018
Quartus Prime Version 17.0.2 Build 602 07/19/2017 SJ Lite Edition


---------------------
; Table of Contents ;
---------------------
  1. Legal Notice
  2. Analysis & Synthesis Summary
  3. Analysis & Synthesis Settings
  4. Parallel Compilation
  5. Analysis & Synthesis Source Files Read
  6. Analysis & Synthesis Resource Usage Summary
  7. Analysis & Synthesis Resource Utilization by Entity
  8. State Machine - |TOP|ctrl:ic2|fsm
  9. Registers Removed During Synthesis
 10. Removed Registers Triggering Further Register Optimizations
 11. General Register Statistics
 12. Inverted Register Statistics
 13. Multiplexer Restructuring Statistics (Restructuring Performed)
 14. Parameter Settings for User Entity Instance: divider:ic1
 15. Post-Synthesis Netlist Statistics for Top Partition
 16. Elapsed Time Per Partition
 17. Analysis & Synthesis Messages
 18. Analysis & Synthesis Suppressed Messages



----------------
; Legal Notice ;
----------------
Copyright (C) 2017  Intel Corporation. All rights reserved.
Your use of Intel Corporation's design tools, logic functions 
and other software and tools, and its AMPP partner logic 
functions, and any output files from any of the foregoing 
(including device programming or simulation files), and any 
associated documentation or information are expressly subject 
to the terms and conditions of the Intel Program License 
Subscription Agreement, the Intel Quartus Prime License Agreement,
the Intel MegaCore Function License Agreement, or other 
applicable license agreement, including, without limitation, 
that your use is for the sole purpose of programming logic 
devices manufactured by Intel and sold by Intel or its 
authorized distributors.  Please refer to the applicable 
agreement for further details.



+----------------------------------------------------------------------------------+
; Analysis & Synthesis Summary                                                     ;
+------------------------------------+---------------------------------------------+
; Analysis & Synthesis Status        ; Successful - Mon Jun 04 21:50:59 2018       ;
; Quartus Prime Version              ; 17.0.2 Build 602 07/19/2017 SJ Lite Edition ;
; Revision Name                      ; I2C                                         ;
; Top-level Entity Name              ; TOP                                         ;
; Family                             ; MAX 10                                      ;
; Total logic elements               ; 99                                          ;
;     Total combinational functions  ; 96                                          ;
;     Dedicated logic registers      ; 45                                          ;
; Total registers                    ; 45                                          ;
; Total pins                         ; 6                                           ;
; Total virtual pins                 ; 0                                           ;
; Total memory bits                  ; 0                                           ;
; Embedded Multiplier 9-bit elements ; 0                                           ;
; Total PLLs                         ; 0                                           ;
; UFM blocks                         ; 0                                           ;
; ADC blocks                         ; 0                                           ;
+------------------------------------+---------------------------------------------+


+----------------------------------------------------------------------------------------------------------------------+
; Analysis & Synthesis Settings                                                                                        ;
+----------------------------------------------------------------------------+--------------------+--------------------+
; Option                                                                     ; Setting            ; Default Value      ;
+----------------------------------------------------------------------------+--------------------+--------------------+
; Device                                                                     ; 10M08DAF484C8GES   ;                    ;
; Top-level entity name                                                      ; TOP                ; I2C                ;
; Family name                                                                ; MAX 10             ; Cyclone V          ;
; Use smart compilation                                                      ; Off                ; Off                ;
; Enable parallel Assembler and TimeQuest Timing Analyzer during compilation ; On                 ; On                 ;
; Enable compact report table                                                ; Off                ; Off                ;
; Restructure Multiplexers                                                   ; Auto               ; Auto               ;
; Create Debugging Nodes for IP Cores                                        ; Off                ; Off                ;
; Preserve fewer node names                                                  ; On                 ; On                 ;
; OpenCore Plus hardware evaluation                                          ; Enable             ; Enable             ;
; Verilog Version                                                            ; Verilog_2001       ; Verilog_2001       ;
; VHDL Version                                                               ; VHDL_1993          ; VHDL_1993          ;
; State Machine Processing                                                   ; Auto               ; Auto               ;
; Safe State Machine                                                         ; Off                ; Off                ;
; Extract Verilog State Machines                                             ; On                 ; On                 ;
; Extract VHDL State Machines                                                ; On                 ; On                 ;
; Ignore Verilog initial constructs                                          ; Off                ; Off                ;
; Iteration limit for constant Verilog loops                                 ; 5000               ; 5000               ;
; Iteration limit for non-constant Verilog loops                             ; 250                ; 250                ;
; Add Pass-Through Logic to Inferred RAMs                                    ; On                 ; On                 ;
; Infer RAMs from Raw Logic                                                  ; On                 ; On                 ;
; Parallel Synthesis                                                         ; On                 ; On                 ;
; DSP Block Balancing                                                        ; Auto               ; Auto               ;
; NOT Gate Push-Back                                                         ; On                 ; On                 ;
; Power-Up Don't Care                                                        ; On                 ; On                 ;
; Remove Redundant Logic Cells                                               ; Off                ; Off                ;
; Remove Duplicate Registers                                                 ; On                 ; On                 ;
; Ignore CARRY Buffers                                                       ; Off                ; Off                ;
; Ignore CASCADE Buffers                                                     ; Off                ; Off                ;
; Ignore GLOBAL Buffers                                                      ; Off                ; Off                ;
; Ignore ROW GLOBAL Buffers                                                  ; Off                ; Off                ;
; Ignore LCELL Buffers                                                       ; Off                ; Off                ;
; Ignore SOFT Buffers                                                        ; On                 ; On                 ;
; Limit AHDL Integers to 32 Bits                                             ; Off                ; Off                ;
; Optimization Technique                                                     ; Balanced           ; Balanced           ;
; Carry Chain Length                                                         ; 70                 ; 70                 ;
; Auto Carry Chains                                                          ; On                 ; On                 ;
; Auto Open-Drain Pins                                                       ; On                 ; On                 ;
; Perform WYSIWYG Primitive Resynthesis                                      ; Off                ; Off                ;
; Auto ROM Replacement                                                       ; On                 ; On                 ;
; Auto RAM Replacement                                                       ; On                 ; On                 ;
; Auto DSP Block Replacement                                                 ; On                 ; On                 ;
; Auto Shift Register Replacement                                            ; Auto               ; Auto               ;
; Allow Shift Register Merging across Hierarchies                            ; Auto               ; Auto               ;
; Auto Clock Enable Replacement                                              ; On                 ; On                 ;
; Strict RAM Replacement                                                     ; Off                ; Off                ;
; Allow Synchronous Control Signals                                          ; On                 ; On                 ;
; Force Use of Synchronous Clear Signals                                     ; Off                ; Off                ;
; Auto RAM Block Balancing                                                   ; On                 ; On                 ;
; Auto RAM to Logic Cell Conversion                                          ; Off                ; Off                ;
; Auto Resource Sharing                                                      ; Off                ; Off                ;
; Allow Any RAM Size For Recognition                                         ; Off                ; Off                ;
; Allow Any ROM Size For Recognition                                         ; Off                ; Off                ;
; Allow Any Shift Register Size For Recognition                              ; Off                ; Off                ;
; Use LogicLock Constraints during Resource Balancing                        ; On                 ; On                 ;
; Ignore translate_off and synthesis_off directives                          ; Off                ; Off                ;
; Timing-Driven Synthesis                                                    ; On                 ; On                 ;
; Report Parameter Settings                                                  ; On                 ; On                 ;
; Report Source Assignments                                                  ; On                 ; On                 ;
; Report Connectivity Checks                                                 ; On                 ; On                 ;
; Ignore Maximum Fan-Out Assignments                                         ; Off                ; Off                ;
; Synchronization Register Chain Length                                      ; 2                  ; 2                  ;
; PowerPlay Power Optimization During Synthesis                              ; Normal compilation ; Normal compilation ;
; HDL message level                                                          ; Level2             ; Level2             ;
; Suppress Register Optimization Related Messages                            ; Off                ; Off                ;
; Number of Removed Registers Reported in Synthesis Report                   ; 5000               ; 5000               ;
; Number of Swept Nodes Reported in Synthesis Report                         ; 5000               ; 5000               ;
; Number of Inverted Registers Reported in Synthesis Report                  ; 100                ; 100                ;
; Clock MUX Protection                                                       ; On                 ; On                 ;
; Auto Gated Clock Conversion                                                ; Off                ; Off                ;
; Block Design Naming                                                        ; Auto               ; Auto               ;
; SDC constraint protection                                                  ; Off                ; Off                ;
; Synthesis Effort                                                           ; Auto               ; Auto               ;
; Shift Register Replacement - Allow Asynchronous Clear Signal               ; On                 ; On                 ;
; Pre-Mapping Resynthesis Optimization                                       ; Off                ; Off                ;
; Analysis & Synthesis Message Level                                         ; Medium             ; Medium             ;
; Disable Register Merging Across Hierarchies                                ; Auto               ; Auto               ;
; Resource Aware Inference For Block RAM                                     ; On                 ; On                 ;
+----------------------------------------------------------------------------+--------------------+--------------------+


+------------------------------------------+
; Parallel Compilation                     ;
+----------------------------+-------------+
; Processors                 ; Number      ;
+----------------------------+-------------+
; Number detected on machine ; 4           ;
; Maximum allowed            ; 4           ;
;                            ;             ;
; Average used               ; 1.00        ;
; Maximum used               ; 4           ;
;                            ;             ;
; Usage by Processor         ; % Time Used ;
;     Processor 1            ; 100.0%      ;
;     Processor 2            ;   0.0%      ;
;     Processors 3-4         ;   0.0%      ;
+----------------------------+-------------+


+----------------------------------------------------------------------------------------------------------------------+
; Analysis & Synthesis Source Files Read                                                                               ;
+----------------------------------+-----------------+------------------------+------------------------------+---------+
; File Name with User-Entered Path ; Used in Netlist ; File Type              ; File Name with Absolute Path ; Library ;
+----------------------------------+-----------------+------------------------+------------------------------+---------+
; TOP.v                            ; yes             ; User Verilog HDL File  ; D:/FPGA/I2C/TOP.v            ;         ;
; divider.v                        ; yes             ; User Verilog HDL File  ; D:/FPGA/I2C/divider.v        ;         ;
; ctrl.v                           ; yes             ; User Verilog HDL File  ; D:/FPGA/I2C/ctrl.v           ;         ;
; cmd_rom.v                        ; yes             ; User Verilog HDL File  ; D:/FPGA/I2C/cmd_rom.v        ;         ;
; lcd_rom.v                        ; yes             ; User Verilog HDL File  ; D:/FPGA/I2C/lcd_rom.v        ;         ;
+----------------------------------+-----------------+------------------------+------------------------------+---------+


+-----------------------------------------------------------+
; Analysis & Synthesis Resource Usage Summary               ;
+---------------------------------------------+-------------+
; Resource                                    ; Usage       ;
+---------------------------------------------+-------------+
; Estimated Total logic elements              ; 99          ;
;                                             ;             ;
; Total combinational functions               ; 96          ;
; Logic element usage by number of LUT inputs ;             ;
;     -- 4 input functions                    ; 49          ;
;     -- 3 input functions                    ; 14          ;
;     -- <=2 input functions                  ; 33          ;
;                                             ;             ;
; Logic elements by mode                      ;             ;
;     -- normal mode                          ; 82          ;
;     -- arithmetic mode                      ; 14          ;
;                                             ;             ;
; Total registers                             ; 45          ;
;     -- Dedicated logic registers            ; 45          ;
;     -- I/O registers                        ; 0           ;
;                                             ;             ;
; I/O pins                                    ; 6           ;
;                                             ;             ;
; Embedded Multiplier 9-bit elements          ; 0           ;
;                                             ;             ;
; Maximum fan-out node                        ; reset~input ;
; Maximum fan-out                             ; 44          ;
; Total fan-out                               ; 457         ;
; Average fan-out                             ; 2.97        ;
+---------------------------------------------+-------------+


+------------------------------------------------------------------------------------------------------------------------------------------------------------------------------------------------------------------------------------+
; Analysis & Synthesis Resource Utilization by Entity                                                                                                                                                                                ;
+----------------------------+---------------------+---------------------------+-------------+------------+--------------+---------+-----------+------+--------------+------------+---------------------+-------------+--------------+
; Compilation Hierarchy Node ; Combinational ALUTs ; Dedicated Logic Registers ; Memory Bits ; UFM Blocks ; DSP Elements ; DSP 9x9 ; DSP 18x18 ; Pins ; Virtual Pins ; ADC blocks ; Full Hierarchy Name ; Entity Name ; Library Name ;
+----------------------------+---------------------+---------------------------+-------------+------------+--------------+---------+-----------+------+--------------+------------+---------------------+-------------+--------------+
; |TOP                       ; 96 (2)              ; 45 (0)                    ; 0           ; 0          ; 0            ; 0       ; 0         ; 6    ; 0            ; 0          ; |TOP                ; TOP         ; work         ;
;    |ctrl:ic2|              ; 72 (72)             ; 32 (32)                   ; 0           ; 0          ; 0            ; 0       ; 0         ; 0    ; 0            ; 0          ; |TOP|ctrl:ic2       ; ctrl        ; work         ;
;    |divider:ic1|           ; 22 (22)             ; 13 (13)                   ; 0           ; 0          ; 0            ; 0       ; 0         ; 0    ; 0            ; 0          ; |TOP|divider:ic1    ; divider     ; work         ;
+----------------------------+---------------------+---------------------------+-------------+------------+--------------+---------+-----------+------+--------------+------------+---------------------+-------------+--------------+
Note: For table entries with two numbers listed, the numbers in parentheses indicate the number of resources of the given type used by the specific entity alone. The numbers listed outside of parentheses indicate the total resources of the given type used by the specific entity and all of its sub-entities in the hierarchy.


Encoding Type:  One-Hot
+-----------------------------------------------------------------------------------------------------------------------------------------------------------------------------------------------------------------------------------------------------------+
; State Machine - |TOP|ctrl:ic2|fsm                                                                                                                                                                                                                         ;
+-----------+-----------+-----------+-----------+-----------+-----------+-----------+-----------+-----------+-----------+-----------+-----------+-----------+-----------+-----------+-----------+-----------+-----------+-----------+-----------+-----------+
; Name      ; fsm.10011 ; fsm.10010 ; fsm.10001 ; fsm.10000 ; fsm.01111 ; fsm.01110 ; fsm.01101 ; fsm.01100 ; fsm.01011 ; fsm.01010 ; fsm.01001 ; fsm.01000 ; fsm.00111 ; fsm.00110 ; fsm.00101 ; fsm.00100 ; fsm.00011 ; fsm.00010 ; fsm.00001 ; fsm.00000 ;
+-----------+-----------+-----------+-----------+-----------+-----------+-----------+-----------+-----------+-----------+-----------+-----------+-----------+-----------+-----------+-----------+-----------+-----------+-----------+-----------+-----------+
; fsm.00000 ; 0         ; 0         ; 0         ; 0         ; 0         ; 0         ; 0         ; 0         ; 0         ; 0         ; 0         ; 0         ; 0         ; 0         ; 0         ; 0         ; 0         ; 0         ; 0         ; 0         ;
; fsm.00001 ; 0         ; 0         ; 0         ; 0         ; 0         ; 0         ; 0         ; 0         ; 0         ; 0         ; 0         ; 0         ; 0         ; 0         ; 0         ; 0         ; 0         ; 0         ; 1         ; 1         ;
; fsm.00010 ; 0         ; 0         ; 0         ; 0         ; 0         ; 0         ; 0         ; 0         ; 0         ; 0         ; 0         ; 0         ; 0         ; 0         ; 0         ; 0         ; 0         ; 1         ; 0         ; 1         ;
; fsm.00011 ; 0         ; 0         ; 0         ; 0         ; 0         ; 0         ; 0         ; 0         ; 0         ; 0         ; 0         ; 0         ; 0         ; 0         ; 0         ; 0         ; 1         ; 0         ; 0         ; 1         ;
; fsm.00100 ; 0         ; 0         ; 0         ; 0         ; 0         ; 0         ; 0         ; 0         ; 0         ; 0         ; 0         ; 0         ; 0         ; 0         ; 0         ; 1         ; 0         ; 0         ; 0         ; 1         ;
; fsm.00101 ; 0         ; 0         ; 0         ; 0         ; 0         ; 0         ; 0         ; 0         ; 0         ; 0         ; 0         ; 0         ; 0         ; 0         ; 1         ; 0         ; 0         ; 0         ; 0         ; 1         ;
; fsm.00110 ; 0         ; 0         ; 0         ; 0         ; 0         ; 0         ; 0         ; 0         ; 0         ; 0         ; 0         ; 0         ; 0         ; 1         ; 0         ; 0         ; 0         ; 0         ; 0         ; 1         ;
; fsm.00111 ; 0         ; 0         ; 0         ; 0         ; 0         ; 0         ; 0         ; 0         ; 0         ; 0         ; 0         ; 0         ; 1         ; 0         ; 0         ; 0         ; 0         ; 0         ; 0         ; 1         ;
; fsm.01000 ; 0         ; 0         ; 0         ; 0         ; 0         ; 0         ; 0         ; 0         ; 0         ; 0         ; 0         ; 1         ; 0         ; 0         ; 0         ; 0         ; 0         ; 0         ; 0         ; 1         ;
; fsm.01001 ; 0         ; 0         ; 0         ; 0         ; 0         ; 0         ; 0         ; 0         ; 0         ; 0         ; 1         ; 0         ; 0         ; 0         ; 0         ; 0         ; 0         ; 0         ; 0         ; 1         ;
; fsm.01010 ; 0         ; 0         ; 0         ; 0         ; 0         ; 0         ; 0         ; 0         ; 0         ; 1         ; 0         ; 0         ; 0         ; 0         ; 0         ; 0         ; 0         ; 0         ; 0         ; 1         ;
; fsm.01011 ; 0         ; 0         ; 0         ; 0         ; 0         ; 0         ; 0         ; 0         ; 1         ; 0         ; 0         ; 0         ; 0         ; 0         ; 0         ; 0         ; 0         ; 0         ; 0         ; 1         ;
; fsm.01100 ; 0         ; 0         ; 0         ; 0         ; 0         ; 0         ; 0         ; 1         ; 0         ; 0         ; 0         ; 0         ; 0         ; 0         ; 0         ; 0         ; 0         ; 0         ; 0         ; 1         ;
; fsm.01101 ; 0         ; 0         ; 0         ; 0         ; 0         ; 0         ; 1         ; 0         ; 0         ; 0         ; 0         ; 0         ; 0         ; 0         ; 0         ; 0         ; 0         ; 0         ; 0         ; 1         ;
; fsm.01110 ; 0         ; 0         ; 0         ; 0         ; 0         ; 1         ; 0         ; 0         ; 0         ; 0         ; 0         ; 0         ; 0         ; 0         ; 0         ; 0         ; 0         ; 0         ; 0         ; 1         ;
; fsm.01111 ; 0         ; 0         ; 0         ; 0         ; 1         ; 0         ; 0         ; 0         ; 0         ; 0         ; 0         ; 0         ; 0         ; 0         ; 0         ; 0         ; 0         ; 0         ; 0         ; 1         ;
; fsm.10000 ; 0         ; 0         ; 0         ; 1         ; 0         ; 0         ; 0         ; 0         ; 0         ; 0         ; 0         ; 0         ; 0         ; 0         ; 0         ; 0         ; 0         ; 0         ; 0         ; 1         ;
; fsm.10001 ; 0         ; 0         ; 1         ; 0         ; 0         ; 0         ; 0         ; 0         ; 0         ; 0         ; 0         ; 0         ; 0         ; 0         ; 0         ; 0         ; 0         ; 0         ; 0         ; 1         ;
; fsm.10010 ; 0         ; 1         ; 0         ; 0         ; 0         ; 0         ; 0         ; 0         ; 0         ; 0         ; 0         ; 0         ; 0         ; 0         ; 0         ; 0         ; 0         ; 0         ; 0         ; 1         ;
; fsm.10011 ; 1         ; 0         ; 0         ; 0         ; 0         ; 0         ; 0         ; 0         ; 0         ; 0         ; 0         ; 0         ; 0         ; 0         ; 0         ; 0         ; 0         ; 0         ; 0         ; 1         ;
+-----------+-----------+-----------+-----------+-----------+-----------+-----------+-----------+-----------+-----------+-----------+-----------+-----------+-----------+-----------+-----------+-----------+-----------+-----------+-----------+-----------+


+---------------------------------------------------------------------------+
; Registers Removed During Synthesis                                        ;
+----------------------------------------+----------------------------------+
; Register name                          ; Reason for Removal               ;
+----------------------------------------+----------------------------------+
; divider:ic1|data2[6]                   ; Merged with divider:ic1|data1[6] ;
; divider:ic1|data2[5]                   ; Merged with divider:ic1|data1[5] ;
; divider:ic1|data2[4]                   ; Merged with divider:ic1|data1[4] ;
; divider:ic1|data2[3]                   ; Merged with divider:ic1|data1[3] ;
; divider:ic1|data2[2]                   ; Merged with divider:ic1|data1[2] ;
; divider:ic1|data2[0]                   ; Merged with divider:ic1|data1[0] ;
; divider:ic1|data2[9]                   ; Merged with divider:ic1|data1[9] ;
; divider:ic1|data2[8]                   ; Merged with divider:ic1|data1[8] ;
; divider:ic1|data2[7]                   ; Merged with divider:ic1|data1[7] ;
; divider:ic1|data2[1]                   ; Merged with divider:ic1|data1[1] ;
; ctrl:ic2|lcd_address[0..9]             ; Lost fanout                      ;
; ctrl:ic2|fsm~4                         ; Lost fanout                      ;
; ctrl:ic2|fsm~5                         ; Lost fanout                      ;
; ctrl:ic2|fsm~6                         ; Lost fanout                      ;
; ctrl:ic2|fsm~7                         ; Lost fanout                      ;
; ctrl:ic2|fsm~8                         ; Lost fanout                      ;
; divider:ic1|r1                         ; Merged with divider:ic1|r2       ;
; Total Number of Removed Registers = 26 ;                                  ;
+----------------------------------------+----------------------------------+


+---------------------------------------------------------------------------------------------------------------------------+
; Removed Registers Triggering Further Register Optimizations                                                               ;
+-------------------------+--------------------+----------------------------------------------------------------------------+
; Register name           ; Reason for Removal ; Registers Removed due to This Register                                     ;
+-------------------------+--------------------+----------------------------------------------------------------------------+
; ctrl:ic2|lcd_address[9] ; Lost Fanouts       ; ctrl:ic2|lcd_address[5], ctrl:ic2|lcd_address[4], ctrl:ic2|lcd_address[3], ;
;                         ;                    ; ctrl:ic2|lcd_address[2], ctrl:ic2|lcd_address[1], ctrl:ic2|lcd_address[0]  ;
+-------------------------+--------------------+----------------------------------------------------------------------------+


+------------------------------------------------------+
; General Register Statistics                          ;
+----------------------------------------------+-------+
; Statistic                                    ; Value ;
+----------------------------------------------+-------+
; Total registers                              ; 45    ;
; Number of registers using Synchronous Clear  ; 0     ;
; Number of registers using Synchronous Load   ; 0     ;
; Number of registers using Asynchronous Clear ; 44    ;
; Number of registers using Asynchronous Load  ; 0     ;
; Number of registers using Clock Enable       ; 11    ;
; Number of registers using Preset             ; 0     ;
+----------------------------------------------+-------+


+--------------------------------------------------+
; Inverted Register Statistics                     ;
+----------------------------------------+---------+
; Inverted Register                      ; Fan out ;
+----------------------------------------+---------+
; ctrl:ic2|add_con[2]                    ; 8       ;
; ctrl:ic2|add_con[1]                    ; 20      ;
; ctrl:ic2|add_con[0]                    ; 18      ;
; Total number of inverted registers = 3 ;         ;
+----------------------------------------+---------+


+------------------------------------------------------------------------------------------------------------------------------------------+
; Multiplexer Restructuring Statistics (Restructuring Performed)                                                                           ;
+--------------------+-----------+---------------+----------------------+------------------------+------------+----------------------------+
; Multiplexer Inputs ; Bus Width ; Baseline Area ; Area if Restructured ; Saving if Restructured ; Registered ; Example Multiplexer Output ;
+--------------------+-----------+---------------+----------------------+------------------------+------------+----------------------------+
; 3:1                ; 3 bits    ; 6 LEs         ; 3 LEs                ; 3 LEs                  ; Yes        ; |TOP|ctrl:ic2|add_con[2]   ;
+--------------------+-----------+---------------+----------------------+------------------------+------------+----------------------------+


+----------------------------------------------------------+
; Parameter Settings for User Entity Instance: divider:ic1 ;
+----------------+-------+---------------------------------+
; Parameter Name ; Value ; Type                            ;
+----------------+-------+---------------------------------+
; cnt            ; 125   ; Signed Integer                  ;
+----------------+-------+---------------------------------+
Note: In order to hide this table in the UI and the text report file, please set the "Show Parameter Settings in Synthesis Report" option in "Analysis and Synthesis Settings -> More Settings" to "Off".


+-----------------------------------------------------+
; Post-Synthesis Netlist Statistics for Top Partition ;
+-----------------------+-----------------------------+
; Type                  ; Count                       ;
+-----------------------+-----------------------------+
; boundary_port         ; 6                           ;
; cycloneiii_ff         ; 45                          ;
;     CLR               ; 33                          ;
;     ENA CLR           ; 11                          ;
;     plain             ; 1                           ;
; cycloneiii_io_obuf    ; 1                           ;
; cycloneiii_lcell_comb ; 96                          ;
;     arith             ; 14                          ;
;         2 data inputs ; 13                          ;
;         3 data inputs ; 1                           ;
;     normal            ; 82                          ;
;         1 data inputs ; 4                           ;
;         2 data inputs ; 16                          ;
;         3 data inputs ; 13                          ;
;         4 data inputs ; 49                          ;
;                       ;                             ;
; Max LUT depth         ; 7.00                        ;
; Average LUT depth     ; 3.09                        ;
+-----------------------+-----------------------------+


+-------------------------------+
; Elapsed Time Per Partition    ;
+----------------+--------------+
; Partition Name ; Elapsed Time ;
+----------------+--------------+
; Top            ; 00:00:01     ;
+----------------+--------------+


+-------------------------------+
; Analysis & Synthesis Messages ;
+-------------------------------+
Info: *******************************************************************
Info: Running Quartus Prime Analysis & Synthesis
    Info: Version 17.0.2 Build 602 07/19/2017 SJ Lite Edition
    Info: Processing started: Mon Jun 04 21:50:47 2018
Info: Command: quartus_map --read_settings_files=on --write_settings_files=off I2C -c I2C
Warning (18236): Number of processors has not been specified which may cause overloading on shared machines.  Set the global assignment NUM_PARALLEL_PROCESSORS in your QSF to an appropriate value for best performance.
Info (20030): Parallel compilation is enabled and will use 4 of the 4 processors detected
Info (12021): Found 1 design units, including 1 entities, in source file top.v
    Info (12023): Found entity 1: TOP File: D:/FPGA/I2C/TOP.v Line: 1
Info (12021): Found 1 design units, including 1 entities, in source file divider.v
    Info (12023): Found entity 1: divider File: D:/FPGA/I2C/divider.v Line: 1
Info (12021): Found 1 design units, including 1 entities, in source file testbench.v
    Info (12023): Found entity 1: testbench File: D:/FPGA/I2C/testbench.v Line: 3
Info (12021): Found 1 design units, including 1 entities, in source file ctrl.v
    Info (12023): Found entity 1: ctrl File: D:/FPGA/I2C/ctrl.v Line: 1
Info (12021): Found 1 design units, including 1 entities, in source file cmd_rom.v
    Info (12023): Found entity 1: cmd_rom File: D:/FPGA/I2C/cmd_rom.v Line: 1
Info (12021): Found 1 design units, including 1 entities, in source file lcd_rom.v
    Info (12023): Found entity 1: lcd_rom File: D:/FPGA/I2C/lcd_rom.v Line: 1
Info (12127): Elaborating entity "TOP" for the top level hierarchy
Info (12128): Elaborating entity "divider" for hierarchy "divider:ic1" File: D:/FPGA/I2C/TOP.v Line: 20
Info (12128): Elaborating entity "ctrl" for hierarchy "ctrl:ic2" File: D:/FPGA/I2C/TOP.v Line: 36
Warning (10240): Verilog HDL Always Construct warning at ctrl.v(21): inferring latch(es) for variable "address_7a", which holds its previous value in one or more paths through the always construct File: D:/FPGA/I2C/ctrl.v Line: 21
Warning (10240): Verilog HDL Always Construct warning at ctrl.v(21): inferring latch(es) for variable "cmd_mod_c0", which holds its previous value in one or more paths through the always construct File: D:/FPGA/I2C/ctrl.v Line: 21
Info (10041): Inferred latch for "cmd_mod_c0[0]" at ctrl.v(21) File: D:/FPGA/I2C/ctrl.v Line: 21
Info (10041): Inferred latch for "cmd_mod_c0[1]" at ctrl.v(21) File: D:/FPGA/I2C/ctrl.v Line: 21
Info (10041): Inferred latch for "cmd_mod_c0[2]" at ctrl.v(21) File: D:/FPGA/I2C/ctrl.v Line: 21
Info (10041): Inferred latch for "cmd_mod_c0[3]" at ctrl.v(21) File: D:/FPGA/I2C/ctrl.v Line: 21
Info (10041): Inferred latch for "cmd_mod_c0[4]" at ctrl.v(21) File: D:/FPGA/I2C/ctrl.v Line: 21
Info (10041): Inferred latch for "cmd_mod_c0[5]" at ctrl.v(21) File: D:/FPGA/I2C/ctrl.v Line: 21
Info (10041): Inferred latch for "cmd_mod_c0[6]" at ctrl.v(21) File: D:/FPGA/I2C/ctrl.v Line: 21
Info (10041): Inferred latch for "cmd_mod_c0[7]" at ctrl.v(21) File: D:/FPGA/I2C/ctrl.v Line: 21
Info (10041): Inferred latch for "address_7a[0]" at ctrl.v(21) File: D:/FPGA/I2C/ctrl.v Line: 21
Info (10041): Inferred latch for "address_7a[1]" at ctrl.v(21) File: D:/FPGA/I2C/ctrl.v Line: 21
Info (10041): Inferred latch for "address_7a[2]" at ctrl.v(21) File: D:/FPGA/I2C/ctrl.v Line: 21
Info (10041): Inferred latch for "address_7a[3]" at ctrl.v(21) File: D:/FPGA/I2C/ctrl.v Line: 21
Info (10041): Inferred latch for "address_7a[4]" at ctrl.v(21) File: D:/FPGA/I2C/ctrl.v Line: 21
Info (10041): Inferred latch for "address_7a[5]" at ctrl.v(21) File: D:/FPGA/I2C/ctrl.v Line: 21
Info (10041): Inferred latch for "address_7a[6]" at ctrl.v(21) File: D:/FPGA/I2C/ctrl.v Line: 21
Info (10041): Inferred latch for "address_7a[7]" at ctrl.v(21) File: D:/FPGA/I2C/ctrl.v Line: 21
Info (12128): Elaborating entity "cmd_rom" for hierarchy "cmd_rom:ic3" File: D:/FPGA/I2C/TOP.v Line: 42
Warning (10030): Net "rom.data_a" at cmd_rom.v(7) has no driver or initial value, using a default initial value '0' File: D:/FPGA/I2C/cmd_rom.v Line: 7
Warning (10030): Net "rom.waddr_a" at cmd_rom.v(7) has no driver or initial value, using a default initial value '0' File: D:/FPGA/I2C/cmd_rom.v Line: 7
Warning (10030): Net "rom.we_a" at cmd_rom.v(7) has no driver or initial value, using a default initial value '0' File: D:/FPGA/I2C/cmd_rom.v Line: 7
Info (12128): Elaborating entity "lcd_rom" for hierarchy "lcd_rom:ic4" File: D:/FPGA/I2C/TOP.v Line: 48
Warning (10030): Net "rom.data_a" at lcd_rom.v(5) has no driver or initial value, using a default initial value '0' File: D:/FPGA/I2C/lcd_rom.v Line: 5
Warning (10030): Net "rom.waddr_a" at lcd_rom.v(5) has no driver or initial value, using a default initial value '0' File: D:/FPGA/I2C/lcd_rom.v Line: 5
Warning (10030): Net "rom.we_a" at lcd_rom.v(5) has no driver or initial value, using a default initial value '0' File: D:/FPGA/I2C/lcd_rom.v Line: 5
Critical Warning (127005): Memory depth (64) in the design file differs from memory depth (41) in the Memory Initialization File "D:/FPGA/I2C/db/I2C.ram0_cmd_rom_565410ab.hdl.mif" -- setting initial value for remaining addresses to 0
Warning (127007): Memory Initialization File or Hexadecimal (Intel-Format) File "D:/FPGA/I2C/db/I2C.ram0_cmd_rom_565410ab.hdl.mif" contains "don't care" values -- overwriting them with 0s
Info (276014): Found 2 instances of uninferred RAM logic
    Info (276013): RAM logic "cmd_rom:ic3|rom" is uninferred because MIF is not supported for the selected family File: D:/FPGA/I2C/cmd_rom.v Line: 7
    Info (276013): RAM logic "lcd_rom:ic4|rom" is uninferred because MIF is not supported for the selected family File: D:/FPGA/I2C/lcd_rom.v Line: 5
Warning (127007): Memory Initialization File or Hexadecimal (Intel-Format) File "D:/FPGA/I2C/db/I2C.ram0_cmd_rom_565410ab.hdl.mif" contains "don't care" values -- overwriting them with 0s
Info (13000): Registers with preset signals will power-up high File: D:/FPGA/I2C/divider.v Line: 9
Info (13003): DEV_CLRn pin will set, and not reset, register with preset signal due to NOT Gate Push-Back
Info (286030): Timing-Driven Synthesis is running
Info (17049): 15 registers lost all their fanouts during netlist optimizations.
Info (144001): Generated suppressed messages file D:/FPGA/I2C/output_files/I2C.map.smsg
Info (16010): Generating hard_block partition "hard_block:auto_generated_inst"
    Info (16011): Adding 0 node(s), including 0 DDIO, 0 PLL, 0 transceiver and 0 LCELL
Info (21057): Implemented 106 device resources after synthesis - the final resource count might be different
    Info (21058): Implemented 2 input pins
    Info (21059): Implemented 3 output pins
    Info (21060): Implemented 1 bidirectional pins
    Info (21061): Implemented 100 logic cells
Info: Quartus Prime Analysis & Synthesis was successful. 0 errors, 12 warnings
    Info: Peak virtual memory: 4782 megabytes
    Info: Processing ended: Mon Jun 04 21:50:59 2018
    Info: Elapsed time: 00:00:12
    Info: Total CPU time (on all processors): 00:00:25


+------------------------------------------+
; Analysis & Synthesis Suppressed Messages ;
+------------------------------------------+
The suppressed messages can be found in D:/FPGA/I2C/output_files/I2C.map.smsg.


